Using pre-set license
Built from '2020.3/staging' branch; Version is '2020.3.18f1 (a7d1c678663c) revision 10998214'; Using compiler version '192528614'; Build Type 'Release'
OS: 'Windows 10 Pro; OS build 19043.1348; Version 2009; 64bit' Language: 'en' Physical Memory: 16075 MB
BatchMode: 1, IsHumanControllingUs: 0, StartBugReporterOnCrash: 0, Is64bit: 1, IsPro: 0

COMMAND LINE ARGUMENTS:
C:\Program Files\Unity\Editor\Unity.exe
-adb2
-batchMode
-noUpm
-name
AssetImportWorker0
-projectPath
C:/Users/vivie/Downloads/Shopper Endless Runner-20211212T010058Z-001/Shopper Endless Runner
-logFile
Logs/AssetImportWorker0.log
-srvPort
52920
Successfully changed project path to: C:/Users/vivie/Downloads/Shopper Endless Runner-20211212T010058Z-001/Shopper Endless Runner
C:/Users/vivie/Downloads/Shopper Endless Runner-20211212T010058Z-001/Shopper Endless Runner
Using Asset Import Pipeline V2.
Refreshing native plugins compatible for Editor in 34.01 ms, found 2 plugins.
Preloading 0 native plugins for Editor in 0.00 ms.
Initialize engine version: 2020.3.18f1 (a7d1c678663c)
[Subsystems] Discovering subsystems at path C:/Program Files/Unity/Editor/Data/Resources/UnitySubsystems
[Subsystems] Discovering subsystems at path C:/Users/vivie/Downloads/Shopper Endless Runner-20211212T010058Z-001/Shopper Endless Runner/Assets
GfxDevice: creating device client; threaded=0
Direct3D:
    Version:  Direct3D 11.0 [level 11.1]
    Renderer: Intel(R) Iris(R) Plus Graphics (ID=0x8a52)
    Vendor:   
    VRAM:     8037 MB
    Driver:   30.0.100.9805
Initialize mono
Mono path[0] = 'C:/Program Files/Unity/Editor/Data/Managed'
Mono path[1] = 'C:/Program Files/Unity/Editor/Data/MonoBleedingEdge/lib/mono/unityjit'
Mono config path = 'C:/Program Files/Unity/Editor/Data/MonoBleedingEdge/etc'
Using monoOptions --debugger-agent=transport=dt_socket,embedding=1,server=y,suspend=n,address=127.0.0.1:56460
Begin MonoManager ReloadAssembly
Registering precompiled unity dll's ...
Register platform support module: C:/Program Files/Unity/Editor/Data/PlaybackEngines/WindowsStandaloneSupport/UnityEditor.WindowsStandalone.Extensions.dll
Registered in 0.003202 seconds.
Native extension for WindowsStandalone target not found
Refreshing native plugins compatible for Editor in 28.98 ms, found 2 plugins.
Preloading 0 native plugins for Editor in 0.00 ms.
Mono: successfully reloaded assembly
- Completed reload, in  1.112 seconds
Domain Reload Profiling:
	ReloadAssembly (1113ms)
		BeginReloadAssembly (71ms)
			ExecutionOrderSort (0ms)
			DisableScriptedObjects (0ms)
			BackupInstance (0ms)
			ReleaseScriptingObjects (0ms)
			CreateAndSetChildDomain (1ms)
		EndReloadAssembly (415ms)
			LoadAssemblies (67ms)
			RebuildTransferFunctionScriptingTraits (0ms)
			SetupTypeCache (159ms)
			ReleaseScriptCaches (0ms)
			RebuildScriptCaches (32ms)
			SetupLoadedEditorAssemblies (151ms)
				LogAssemblyErrors (0ms)
				InitializePlatformSupportModulesInManaged (4ms)
				SetLoadedEditorAssemblies (0ms)
				RefreshPlugins (29ms)
				BeforeProcessingInitializeOnLoad (8ms)
				ProcessInitializeOnLoadAttributes (79ms)
				ProcessInitializeOnLoadMethodAttributes (30ms)
				AfterProcessingInitializeOnLoad (0ms)
				EditorAssembliesLoaded (0ms)
			ExecutionOrderSort2 (0ms)
			AwakeInstancesAfterBackupRestoration (0ms)
Platform modules already initialized, skipping
Registering precompiled user dll's ...
Registered in 0.003617 seconds.
Begin MonoManager ReloadAssembly
Native extension for WindowsStandalone target not found
Refreshing native plugins compatible for Editor in 0.26 ms, found 2 plugins.
Preloading 0 native plugins for Editor in 0.00 ms.
Mono: successfully reloaded assembly
- Completed reload, in  1.125 seconds
Domain Reload Profiling:
	ReloadAssembly (1126ms)
		BeginReloadAssembly (165ms)
			ExecutionOrderSort (0ms)
			DisableScriptedObjects (6ms)
			BackupInstance (0ms)
			ReleaseScriptingObjects (0ms)
			CreateAndSetChildDomain (19ms)
		EndReloadAssembly (887ms)
			LoadAssemblies (107ms)
			RebuildTransferFunctionScriptingTraits (0ms)
			SetupTypeCache (303ms)
			ReleaseScriptCaches (0ms)
			RebuildScriptCaches (39ms)
			SetupLoadedEditorAssemblies (338ms)
				LogAssemblyErrors (0ms)
				InitializePlatformSupportModulesInManaged (6ms)
				SetLoadedEditorAssemblies (0ms)
				RefreshPlugins (0ms)
				BeforeProcessingInitializeOnLoad (66ms)
				ProcessInitializeOnLoadAttributes (250ms)
				ProcessInitializeOnLoadMethodAttributes (6ms)
				AfterProcessingInitializeOnLoad (9ms)
				EditorAssembliesLoaded (0ms)
			ExecutionOrderSort2 (0ms)
			AwakeInstancesAfterBackupRestoration (14ms)
Platform modules already initialized, skipping
========================================================================
Worker process is ready to serve import requests
Launched and connected shader compiler UnityShaderCompiler.exe after 0.08 seconds
Refreshing native plugins compatible for Editor in 0.41 ms, found 2 plugins.
Preloading 0 native plugins for Editor in 0.00 ms.
Unloading 1403 Unused Serialized files (Serialized files now loaded: 0)
System memory in use before: 65.7 MB.
System memory in use after: 65.8 MB.

Unloading 16 unused Assets to reduce memory usage. Loaded Objects now: 1839.
Total: 3.839200 ms (FindLiveObjects: 0.215600 ms CreateObjectMapping: 0.068500 ms MarkObjects: 3.455200 ms  DeleteObjects: 0.097000 ms)

AssetImportParameters requested are different than current active one (requested -> active):
  custom:framework-win-MediaFoundation: 216162199b28c13a410421893ffa2e32 -> 
  custom:video-decoder-ogg-theora: a1e56fd34408186e4bbccfd4996cb3dc -> 
  custom:container-muxer-webm: aa71ff27fc2769a1b78a27578f13a17b -> 
  custom:container-demuxer-webm: 4f35f7cbe854078d1ac9338744f61a02 -> 
  custom:container-demuxer-ogg: 62fdf1f143b41e24485cea50d1cbac27 -> 
  custom:video-encoder-webm-vp8: eb34c28f22e8b96e1ab97ce403110664 -> 
  custom:video-decoder-webm-vp8: 9c59270c3fd7afecdb556c50c9e8de78 -> 
  custom:audio-decoder-ogg-vorbis: bf7c407c2cedff20999df2af8eb42d56 -> 
  custom:audio-encoder-webm-vorbis: bf7c407c2cedff20999df2af8eb42d56 -> 
========================================================================
Received Import Request.
  path: Assets/Animation/CharController.controller
  artifactKey: Guid(b3770e3bc1adb40599c5b38393934042) Importer(815301076,1909f56bfc062723c751e8b465ee728b)
Start importing Assets/Animation/CharController.controller using Guid(b3770e3bc1adb40599c5b38393934042) Importer(815301076,1909f56bfc062723c751e8b465ee728b)  -> (artifact id: '410eb1add9f221ea19856bdcbb7a065c') in 0.056785 seconds 
  Import took 0.060783 seconds .

========================================================================
Received Prepare
Refreshing native plugins compatible for Editor in 2.94 ms, found 2 plugins.
Preloading 0 native plugins for Editor in 0.00 ms.
Unloading 9 Unused Serialized files (Serialized files now loaded: 0)
System memory in use before: 37.4 MB.
System memory in use after: 37.5 MB.

Unloading 9 unused Assets to reduce memory usage. Loaded Objects now: 1839.
Total: 3.543300 ms (FindLiveObjects: 0.133700 ms CreateObjectMapping: 0.037700 ms MarkObjects: 3.352700 ms  DeleteObjects: 0.018300 ms)

AssetImportParameters requested are different than current active one (requested -> active):
  custom:framework-win-MediaFoundation: 216162199b28c13a410421893ffa2e32 -> 
  custom:video-decoder-ogg-theora: a1e56fd34408186e4bbccfd4996cb3dc -> 
  custom:container-muxer-webm: aa71ff27fc2769a1b78a27578f13a17b -> 
  custom:container-demuxer-webm: 4f35f7cbe854078d1ac9338744f61a02 -> 
  custom:container-demuxer-ogg: 62fdf1f143b41e24485cea50d1cbac27 -> 
  custom:video-encoder-webm-vp8: eb34c28f22e8b96e1ab97ce403110664 -> 
  custom:video-decoder-webm-vp8: 9c59270c3fd7afecdb556c50c9e8de78 -> 
  custom:audio-decoder-ogg-vorbis: bf7c407c2cedff20999df2af8eb42d56 -> 
  custom:audio-encoder-webm-vorbis: bf7c407c2cedff20999df2af8eb42d56 -> 
========================================================================
Received Import Request.
  Time since last request: 198.259607 seconds.
  path: Assets/Animation/GameObject.controller
  artifactKey: Guid(69f2997b56da0dc43816d8c677ae733c) Importer(815301076,1909f56bfc062723c751e8b465ee728b)
Start importing Assets/Animation/GameObject.controller using Guid(69f2997b56da0dc43816d8c677ae733c) Importer(815301076,1909f56bfc062723c751e8b465ee728b)  -> (artifact id: '30b86b59b76922b1b9bed77a07901d40') in 0.011036 seconds 
  Import took 0.014975 seconds .

========================================================================
Received Import Request.
  Time since last request: 261.969391 seconds.
  path: Assets/Mixamo/CharMats/Ch03_1001_Diffuse.png
  artifactKey: Guid(7eb5bfabd4bce494db1cff006f94c723) Importer(815301076,1909f56bfc062723c751e8b465ee728b)
Start importing Assets/Mixamo/CharMats/Ch03_1001_Diffuse.png using Guid(7eb5bfabd4bce494db1cff006f94c723) Importer(815301076,1909f56bfc062723c751e8b465ee728b)  -> (artifact id: '594d4e155a5b047810b70e121da8b929') in 0.054304 seconds 
  Import took 0.059156 seconds .

========================================================================
Received Import Request.
  Time since last request: 0.000493 seconds.
  path: Assets/Mixamo/CharMats/Ch03_1001_Specular.png
  artifactKey: Guid(d90cf536b3cb349298e7a88b87580958) Importer(815301076,1909f56bfc062723c751e8b465ee728b)
Start importing Assets/Mixamo/CharMats/Ch03_1001_Specular.png using Guid(d90cf536b3cb349298e7a88b87580958) Importer(815301076,1909f56bfc062723c751e8b465ee728b)  -> (artifact id: 'e137d6518d4d85b48b7688d5db06eb8a') in 0.040039 seconds 
  Import took 0.044529 seconds .

========================================================================
Received Import Request.
  Time since last request: 0.000299 seconds.
  path: Assets/Mixamo/CharMats/Ch03_1001_Glossiness.png
  artifactKey: Guid(6da39669ae7cd41d8bc261e1a1058822) Importer(815301076,1909f56bfc062723c751e8b465ee728b)
Start importing Assets/Mixamo/CharMats/Ch03_1001_Glossiness.png using Guid(6da39669ae7cd41d8bc261e1a1058822) Importer(815301076,1909f56bfc062723c751e8b465ee728b)  -> (artifact id: 'a9986b50590a5469880551e1449e33af') in 0.038093 seconds 
  Import took 0.043629 seconds .

========================================================================
Received Import Request.
  Time since last request: 0.000376 seconds.
  path: Assets/Mixamo/CharMats/Ch03_Body.mat
  artifactKey: Guid(75df12d14f97f43cf9bd22ad93531458) Importer(815301076,1909f56bfc062723c751e8b465ee728b)
Start importing Assets/Mixamo/CharMats/Ch03_Body.mat using Guid(75df12d14f97f43cf9bd22ad93531458) Importer(815301076,1909f56bfc062723c751e8b465ee728b)  -> (artifact id: '88503f9f5c621c420073dc9014e2faa4') in 0.099423 seconds 
  Import took 0.103200 seconds .

========================================================================
Received Import Request.
  Time since last request: 0.000311 seconds.
  path: Assets/Mixamo/CharMats/Ch03_1001_Normal.png
  artifactKey: Guid(a23aae7346418491a9e31e99df97c08e) Importer(815301076,1909f56bfc062723c751e8b465ee728b)
Start importing Assets/Mixamo/CharMats/Ch03_1001_Normal.png using Guid(a23aae7346418491a9e31e99df97c08e) Importer(815301076,1909f56bfc062723c751e8b465ee728b)  -> (artifact id: '703682915658caee6af45b793894053c') in 0.085187 seconds 
  Import took 0.088369 seconds .

========================================================================
Received Import Request.
  Time since last request: 20.626185 seconds.
  path: Assets/Level01/LightingData.asset
  artifactKey: Guid(fa68fdbc31ded6f449601add1f7d61aa) Importer(815301076,1909f56bfc062723c751e8b465ee728b)
Start importing Assets/Level01/LightingData.asset using Guid(fa68fdbc31ded6f449601add1f7d61aa) Importer(815301076,1909f56bfc062723c751e8b465ee728b) Lighting data asset ‘LightingData’ is incompatible with the current Unity version. Please use Generate Lighting to rebuild the lighting data.  Realtime Global Illumination cannot be used until the lighting data is rebuilt.
 -> (artifact id: 'e93d266dc0a65ff9e719c7fdfbb087d5') in 0.008671 seconds 
  Import took 0.011948 seconds .

========================================================================
Received Import Request.
  Time since last request: 0.000495 seconds.
  path: Assets/Level01/ReflectionProbe-0.exr
  artifactKey: Guid(0ef2ee10e6aa55640b86d96f661de2b9) Importer(815301076,1909f56bfc062723c751e8b465ee728b)
Start importing Assets/Level01/ReflectionProbe-0.exr using Guid(0ef2ee10e6aa55640b86d96f661de2b9) Importer(815301076,1909f56bfc062723c751e8b465ee728b)  -> (artifact id: '36df82a7d96500344cf3d6d7388fc81e') in 0.110912 seconds 
  Import took 0.113928 seconds .

========================================================================
Received Import Request.
  Time since last request: 0.731065 seconds.
  path: Assets/Materials/ObstacleMat.mat
  artifactKey: Guid(e1689826822e4ef4686b17e5014d830c) Importer(815301076,1909f56bfc062723c751e8b465ee728b)
Start importing Assets/Materials/ObstacleMat.mat using Guid(e1689826822e4ef4686b17e5014d830c) Importer(815301076,1909f56bfc062723c751e8b465ee728b)  -> (artifact id: 'aa534d2ae0e727dc28ea2dd1e04b996f') in 0.015692 seconds 
  Import took 0.018510 seconds .

========================================================================
Received Import Request.
  Time since last request: 0.000293 seconds.
  path: Assets/Materials/PlayerMat.mat
  artifactKey: Guid(b9e390f7da497164cb45f003ed91f200) Importer(815301076,1909f56bfc062723c751e8b465ee728b)
Start importing Assets/Materials/PlayerMat.mat using Guid(b9e390f7da497164cb45f003ed91f200) Importer(815301076,1909f56bfc062723c751e8b465ee728b)  -> (artifact id: '009b8232ca101242c58fbfbd34b27f55') in 0.044090 seconds 
  Import took 0.047260 seconds .

========================================================================
Received Import Request.
  Time since last request: 0.002865 seconds.
  path: Assets/Materials/PlayerMat.mat
  artifactKey: Guid(b9e390f7da497164cb45f003ed91f200) Importer(815301076,1909f56bfc062723c751e8b465ee728b)
Start importing Assets/Materials/PlayerMat.mat using Guid(b9e390f7da497164cb45f003ed91f200) Importer(815301076,1909f56bfc062723c751e8b465ee728b)  -> (artifact id: '009b8232ca101242c58fbfbd34b27f55') in 0.039760 seconds 
  Import took 0.044337 seconds .

========================================================================
Received Import Request.
  Time since last request: 476.768694 seconds.
  path: Assets/Materials
  artifactKey: Guid(1f28dc02901417e45b1cebebc1c6479d) Importer(815301076,1909f56bfc062723c751e8b465ee728b)
Start importing Assets/Materials using Guid(1f28dc02901417e45b1cebebc1c6479d) Importer(815301076,1909f56bfc062723c751e8b465ee728b)  -> (artifact id: '272dfacd50abee16e4c0acdae29ecc54') in 0.005218 seconds 
  Import took 0.011661 seconds .

========================================================================
Received Import Request.
  Time since last request: 0.001844 seconds.
  path: Assets/Materials
  artifactKey: Guid(1f28dc02901417e45b1cebebc1c6479d) Importer(815301076,1909f56bfc062723c751e8b465ee728b)
Start importing Assets/Materials using Guid(1f28dc02901417e45b1cebebc1c6479d) Importer(815301076,1909f56bfc062723c751e8b465ee728b)  -> (artifact id: '272dfacd50abee16e4c0acdae29ecc54') in 0.006657 seconds 
  Import took 0.009331 seconds .

========================================================================
Received Import Request.
  Time since last request: 140.094601 seconds.
  path: Assets/Texture Bricks 'n Blocks/SkyBox.mat
  artifactKey: Guid(ad008292c89b04d4b8f9b706ad990349) Importer(815301076,1909f56bfc062723c751e8b465ee728b)
Start importing Assets/Texture Bricks 'n Blocks/SkyBox.mat using Guid(ad008292c89b04d4b8f9b706ad990349) Importer(815301076,1909f56bfc062723c751e8b465ee728b)  -> (artifact id: '14f05dfb5ea799e7b1ae122c31e8b53c') in 0.043555 seconds 
  Import took 0.048818 seconds .

========================================================================
Received Import Request.
  Time since last request: 1.518244 seconds.
  path: Assets/Texture Bricks 'n Blocks/Materials
  artifactKey: Guid(3fc62a9d17b8eba43bb6f7b77ae4b33e) Importer(815301076,1909f56bfc062723c751e8b465ee728b)
Start importing Assets/Texture Bricks 'n Blocks/Materials using Guid(3fc62a9d17b8eba43bb6f7b77ae4b33e) Importer(815301076,1909f56bfc062723c751e8b465ee728b)  -> (artifact id: '966d44bddaa7b406bd0d2a70f5ac41c1') in 0.004649 seconds 
  Import took 0.010391 seconds .

========================================================================
Received Import Request.
  Time since last request: 0.271792 seconds.
  path: Assets/Texture Bricks 'n Blocks/Materials/Block_Pavers.mat
  artifactKey: Guid(cc8e0f36e32fcf640b1e733f755715d2) Importer(815301076,1909f56bfc062723c751e8b465ee728b)
Start importing Assets/Texture Bricks 'n Blocks/Materials/Block_Pavers.mat using Guid(cc8e0f36e32fcf640b1e733f755715d2) Importer(815301076,1909f56bfc062723c751e8b465ee728b)  -> (artifact id: '812adef5ab6b0fb0cec07bda615cfd62') in 0.020566 seconds 
  Import took 0.026004 seconds .

========================================================================
Received Import Request.
  Time since last request: 0.000490 seconds.
  path: Assets/Texture Bricks 'n Blocks/Materials/Brick_Cobble_withgrout.mat
  artifactKey: Guid(f95025024bf9d9640be79c4d5d2aa74a) Importer(815301076,1909f56bfc062723c751e8b465ee728b)
Start importing Assets/Texture Bricks 'n Blocks/Materials/Brick_Cobble_withgrout.mat using Guid(f95025024bf9d9640be79c4d5d2aa74a) Importer(815301076,1909f56bfc062723c751e8b465ee728b)  -> (artifact id: '663d7e908c8c1a0199883908e5d1a9bc') in 0.041505 seconds 
  Import took 0.044477 seconds .

========================================================================
Received Import Request.
  Time since last request: 0.000354 seconds.
  path: Assets/Texture Bricks 'n Blocks/Materials/Brick_Shiny.mat
  artifactKey: Guid(c8c8f0802a081b54fa1e3edf21279b1f) Importer(815301076,1909f56bfc062723c751e8b465ee728b)
Start importing Assets/Texture Bricks 'n Blocks/Materials/Brick_Shiny.mat using Guid(c8c8f0802a081b54fa1e3edf21279b1f) Importer(815301076,1909f56bfc062723c751e8b465ee728b)  -> (artifact id: '0069a6de5533566001679742e3662855') in 0.042147 seconds 
  Import took 0.047966 seconds .

========================================================================
Received Import Request.
  Time since last request: 0.000222 seconds.
  path: Assets/Texture Bricks 'n Blocks/Materials/Ston_Stack_Grassy.mat
  artifactKey: Guid(d22a30d2f01dba544a83283ddc4e66a7) Importer(815301076,1909f56bfc062723c751e8b465ee728b)
Start importing Assets/Texture Bricks 'n Blocks/Materials/Ston_Stack_Grassy.mat using Guid(d22a30d2f01dba544a83283ddc4e66a7) Importer(815301076,1909f56bfc062723c751e8b465ee728b)  -> (artifact id: 'd8b52514c9b45a1505ef48a68f065d18') in 0.045148 seconds 
  Import took 0.048681 seconds .

========================================================================
Received Import Request.
  Time since last request: 692.276625 seconds.
  path: Assets/Fonts/Roboto-Black.ttf
  artifactKey: Guid(35964f510e8b8a14b9a0fbb1e8bc8507) Importer(815301076,1909f56bfc062723c751e8b465ee728b)
Start importing Assets/Fonts/Roboto-Black.ttf using Guid(35964f510e8b8a14b9a0fbb1e8bc8507) Importer(815301076,1909f56bfc062723c751e8b465ee728b)  -> (artifact id: 'ca99616104a91410ae2a128e4e0daa66') in 0.120553 seconds 
  Import took 0.124439 seconds .

========================================================================
Received Import Request.
  Time since last request: 0.000340 seconds.
  path: Assets/Fonts/Roboto-Light.ttf
  artifactKey: Guid(04bec07c63339644da79515d39591f11) Importer(815301076,1909f56bfc062723c751e8b465ee728b)
Start importing Assets/Fonts/Roboto-Light.ttf using Guid(04bec07c63339644da79515d39591f11) Importer(815301076,1909f56bfc062723c751e8b465ee728b)  -> (artifact id: '2f6c237e19ecd4e1b36f0b6cf6a0ffb6') in 0.044695 seconds 
  Import took 0.047638 seconds .

========================================================================
Received Import Request.
  Time since last request: 0.000616 seconds.
  path: Assets/Fonts/Roboto-MediumItalic.ttf
  artifactKey: Guid(8c20b86c3fa277345a906d13162d2fe2) Importer(815301076,1909f56bfc062723c751e8b465ee728b)
Start importing Assets/Fonts/Roboto-MediumItalic.ttf using Guid(8c20b86c3fa277345a906d13162d2fe2) Importer(815301076,1909f56bfc062723c751e8b465ee728b)  -> (artifact id: '73bc284f7f2e2f3d6eabb0fb5c1f1850') in 0.039999 seconds 
  Import took 0.044254 seconds .

========================================================================
Received Import Request.
  Time since last request: 0.000430 seconds.
  path: Assets/Fonts/Roboto-Regular.ttf
  artifactKey: Guid(1b43b707c0b234f449903e085288b641) Importer(815301076,1909f56bfc062723c751e8b465ee728b)
Start importing Assets/Fonts/Roboto-Regular.ttf using Guid(1b43b707c0b234f449903e085288b641) Importer(815301076,1909f56bfc062723c751e8b465ee728b)  -> (artifact id: '15d13866b95089f879b0143b7924807a') in 0.031575 seconds 
  Import took 0.035607 seconds .

========================================================================
Received Import Request.
  Time since last request: 0.000289 seconds.
  path: Assets/Fonts/Roboto-Bold.ttf
  artifactKey: Guid(daff509277f55904f97179ea330730ef) Importer(815301076,1909f56bfc062723c751e8b465ee728b)
Start importing Assets/Fonts/Roboto-Bold.ttf using Guid(daff509277f55904f97179ea330730ef) Importer(815301076,1909f56bfc062723c751e8b465ee728b)  -> (artifact id: '335e565f0e7b46516e301c9206b904c4') in 0.022202 seconds 
  Import took 0.025750 seconds .

========================================================================
Received Import Request.
  Time since last request: 0.000279 seconds.
  path: Assets/Fonts/Roboto-BlackItalic.ttf
  artifactKey: Guid(cc0ebe9dc2e668647b2d3d07211feb42) Importer(815301076,1909f56bfc062723c751e8b465ee728b)
Start importing Assets/Fonts/Roboto-BlackItalic.ttf using Guid(cc0ebe9dc2e668647b2d3d07211feb42) Importer(815301076,1909f56bfc062723c751e8b465ee728b)  -> (artifact id: '36cb71814fb55e8b637e5e0d4f9a8bf3') in 0.024559 seconds 
  Import took 0.027664 seconds .

========================================================================
Received Import Request.
  Time since last request: 0.000271 seconds.
  path: Assets/Fonts/Roboto-ThinItalic.ttf
  artifactKey: Guid(c35654350fa5e7647a22048446cd413a) Importer(815301076,1909f56bfc062723c751e8b465ee728b)
Start importing Assets/Fonts/Roboto-ThinItalic.ttf using Guid(c35654350fa5e7647a22048446cd413a) Importer(815301076,1909f56bfc062723c751e8b465ee728b)  -> (artifact id: 'ed46d2c90bc00eeb49cc86552d802eeb') in 0.031767 seconds 
  Import took 0.034722 seconds .

========================================================================
Received Import Request.
  Time since last request: 0.000417 seconds.
  path: Assets/Fonts/Roboto-Thin.ttf
  artifactKey: Guid(580a8a64ca1ae0842a555d47b79e619a) Importer(815301076,1909f56bfc062723c751e8b465ee728b)
Start importing Assets/Fonts/Roboto-Thin.ttf using Guid(580a8a64ca1ae0842a555d47b79e619a) Importer(815301076,1909f56bfc062723c751e8b465ee728b)  -> (artifact id: '2b52dd691fcf3f5f7a07c2f8ccb8034e') in 0.035603 seconds 
  Import took 0.038831 seconds .

========================================================================
Received Import Request.
  Time since last request: 0.000345 seconds.
  path: Assets/Fonts/Roboto-Italic.ttf
  artifactKey: Guid(931351c5a0e354741a0c6e8f6fc640d7) Importer(815301076,1909f56bfc062723c751e8b465ee728b)
Start importing Assets/Fonts/Roboto-Italic.ttf using Guid(931351c5a0e354741a0c6e8f6fc640d7) Importer(815301076,1909f56bfc062723c751e8b465ee728b)  -> (artifact id: '7e08404f688e630a10a5ae62dce1549e') in 0.033163 seconds 
  Import took 0.036959 seconds .

========================================================================
Received Import Request.
  Time since last request: 0.000262 seconds.
  path: Assets/Fonts/Roboto-BoldItalic.ttf
  artifactKey: Guid(24a252c7abc2dbc43b07872fb70001ad) Importer(815301076,1909f56bfc062723c751e8b465ee728b)
Start importing Assets/Fonts/Roboto-BoldItalic.ttf using Guid(24a252c7abc2dbc43b07872fb70001ad) Importer(815301076,1909f56bfc062723c751e8b465ee728b)  -> (artifact id: '8a10751990d871785b61abac52bdba3a') in 0.037519 seconds 
  Import took 0.040827 seconds .

========================================================================
Received Import Request.
  Time since last request: 0.000264 seconds.
  path: Assets/Fonts/Roboto-LightItalic.ttf
  artifactKey: Guid(d7ab60a1e0eea164c916d1c74b9b7d8d) Importer(815301076,1909f56bfc062723c751e8b465ee728b)
Start importing Assets/Fonts/Roboto-LightItalic.ttf using Guid(d7ab60a1e0eea164c916d1c74b9b7d8d) Importer(815301076,1909f56bfc062723c751e8b465ee728b)  -> (artifact id: '59599425f27488b0d7c6b51857da4f18') in 0.037364 seconds 
  Import took 0.040686 seconds .

========================================================================
Received Import Request.
  Time since last request: 0.000276 seconds.
  path: Assets/Fonts/Roboto-Medium.ttf
  artifactKey: Guid(0e51ef9c84698b146b29f9761617f58a) Importer(815301076,1909f56bfc062723c751e8b465ee728b)
Start importing Assets/Fonts/Roboto-Medium.ttf using Guid(0e51ef9c84698b146b29f9761617f58a) Importer(815301076,1909f56bfc062723c751e8b465ee728b)  -> (artifact id: '211489e5f861ca73ea384bd5a7ed2651') in 0.038397 seconds 
  Import took 0.042027 seconds .

========================================================================
Received Import Request.
  Time since last request: 41.672177 seconds.
  path: Assets/Texture Bricks 'n Blocks/Materials/Brick_Cobble_withgrout.mat
  artifactKey: Guid(f95025024bf9d9640be79c4d5d2aa74a) Importer(815301076,1909f56bfc062723c751e8b465ee728b)
Start importing Assets/Texture Bricks 'n Blocks/Materials/Brick_Cobble_withgrout.mat using Guid(f95025024bf9d9640be79c4d5d2aa74a) Importer(815301076,1909f56bfc062723c751e8b465ee728b)  -> (artifact id: '3da69a2d8daa4237984eb99d056bc884') in 0.019608 seconds 
  Import took 0.022642 seconds .

========================================================================
Received Import Request.
  Time since last request: 0.000270 seconds.
  path: Assets/Materials/ObstacleMat.mat
  artifactKey: Guid(e1689826822e4ef4686b17e5014d830c) Importer(815301076,1909f56bfc062723c751e8b465ee728b)
Start importing Assets/Materials/ObstacleMat.mat using Guid(e1689826822e4ef4686b17e5014d830c) Importer(815301076,1909f56bfc062723c751e8b465ee728b)  -> (artifact id: 'ee86e074250667dc9a0d6f8fda8f4ef6') in 0.018659 seconds 
  Import took 0.021767 seconds .

========================================================================
Received Import Request.
  Time since last request: 16.602471 seconds.
  path: Assets/Materials/ObstacleMat 1.mat
  artifactKey: Guid(f81333bada25cca4d869779517ff3306) Importer(815301076,1909f56bfc062723c751e8b465ee728b)
Start importing Assets/Materials/ObstacleMat 1.mat using Guid(f81333bada25cca4d869779517ff3306) Importer(815301076,1909f56bfc062723c751e8b465ee728b)  -> (artifact id: '83833478b5840c4e99e2c15352ff7959') in 0.019055 seconds 
  Import took 0.022601 seconds .

========================================================================
Received Prepare
Registering precompiled user dll's ...
Registered in 0.003718 seconds.
Begin MonoManager ReloadAssembly
Native extension for WindowsStandalone target not found
Refreshing native plugins compatible for Editor in 0.47 ms, found 2 plugins.
Preloading 0 native plugins for Editor in 0.00 ms.
Mono: successfully reloaded assembly
- Completed reload, in  1.475 seconds
Domain Reload Profiling:
	ReloadAssembly (1477ms)
		BeginReloadAssembly (128ms)
			ExecutionOrderSort (0ms)
			DisableScriptedObjects (5ms)
			BackupInstance (0ms)
			ReleaseScriptingObjects (0ms)
			CreateAndSetChildDomain (39ms)
		EndReloadAssembly (1284ms)
			LoadAssemblies (101ms)
			RebuildTransferFunctionScriptingTraits (0ms)
			SetupTypeCache (276ms)
			ReleaseScriptCaches (1ms)
			RebuildScriptCaches (59ms)
			SetupLoadedEditorAssemblies (668ms)
				LogAssemblyErrors (0ms)
				InitializePlatformSupportModulesInManaged (9ms)
				SetLoadedEditorAssemblies (3ms)
				RefreshPlugins (1ms)
				BeforeProcessingInitializeOnLoad (107ms)
				ProcessInitializeOnLoadAttributes (513ms)
				ProcessInitializeOnLoadMethodAttributes (13ms)
				AfterProcessingInitializeOnLoad (23ms)
				EditorAssembliesLoaded (0ms)
			ExecutionOrderSort2 (0ms)
			AwakeInstancesAfterBackupRestoration (19ms)
Platform modules already initialized, skipping
Refreshing native plugins compatible for Editor in 0.74 ms, found 2 plugins.
Preloading 0 native plugins for Editor in 0.00 ms.
Unloading 1397 Unused Serialized files (Serialized files now loaded: 0)
System memory in use before: 69.2 MB.
System memory in use after: 69.3 MB.

Unloading 11 unused Assets to reduce memory usage. Loaded Objects now: 1890.
Total: 9.123400 ms (FindLiveObjects: 0.447100 ms CreateObjectMapping: 0.321800 ms MarkObjects: 8.297700 ms  DeleteObjects: 0.053000 ms)

AssetImportParameters requested are different than current active one (requested -> active):
  custom:framework-win-MediaFoundation: 216162199b28c13a410421893ffa2e32 -> 
  custom:video-decoder-ogg-theora: a1e56fd34408186e4bbccfd4996cb3dc -> 
  custom:container-muxer-webm: aa71ff27fc2769a1b78a27578f13a17b -> 
  custom:container-demuxer-webm: 4f35f7cbe854078d1ac9338744f61a02 -> 
  custom:container-demuxer-ogg: 62fdf1f143b41e24485cea50d1cbac27 -> 
  custom:video-encoder-webm-vp8: eb34c28f22e8b96e1ab97ce403110664 -> 
  custom:video-decoder-webm-vp8: 9c59270c3fd7afecdb556c50c9e8de78 -> 
  custom:audio-decoder-ogg-vorbis: bf7c407c2cedff20999df2af8eb42d56 -> 
  custom:audio-encoder-webm-vorbis: bf7c407c2cedff20999df2af8eb42d56 -> 
========================================================================
Received Import Request.
  Time since last request: 77.379623 seconds.
  path: Assets/Texture Bricks 'n Blocks/Textures/Block_pavers_diffuseOriginal.png
  artifactKey: Guid(68ae4ca22ee0b954d9db92fce087714c) Importer(815301076,1909f56bfc062723c751e8b465ee728b)
Start importing Assets/Texture Bricks 'n Blocks/Textures/Block_pavers_diffuseOriginal.png using Guid(68ae4ca22ee0b954d9db92fce087714c) Importer(815301076,1909f56bfc062723c751e8b465ee728b)  -> (artifact id: '48bdd05e0c39f1c8fd6b35ea69c626f6') in 0.047855 seconds 
  Import took 0.052570 seconds .

========================================================================
Received Import Request.
  Time since last request: 0.000369 seconds.
  path: Assets/Texture Bricks 'n Blocks/Textures/Stone_stack_grassy_diffuseOriginal.png
  artifactKey: Guid(b736366e348ea4a468ec2ab688ef7e30) Importer(815301076,1909f56bfc062723c751e8b465ee728b)
Start importing Assets/Texture Bricks 'n Blocks/Textures/Stone_stack_grassy_diffuseOriginal.png using Guid(b736366e348ea4a468ec2ab688ef7e30) Importer(815301076,1909f56bfc062723c751e8b465ee728b)  -> (artifact id: '43d224f96816ed002b63ae188010d8ad') in 0.014801 seconds 
  Import took 0.019657 seconds .

========================================================================
Received Import Request.
  Time since last request: 0.000281 seconds.
  path: Assets/Texture Bricks 'n Blocks/Textures/Block_pavers_diffuseOriginal.png
  artifactKey: Guid(68ae4ca22ee0b954d9db92fce087714c) Importer(815301076,1909f56bfc062723c751e8b465ee728b)
Start importing Assets/Texture Bricks 'n Blocks/Textures/Block_pavers_diffuseOriginal.png using Guid(68ae4ca22ee0b954d9db92fce087714c) Importer(815301076,1909f56bfc062723c751e8b465ee728b)  -> (artifact id: '48bdd05e0c39f1c8fd6b35ea69c626f6') in 0.017882 seconds 
  Import took 0.020920 seconds .

========================================================================
Received Import Request.
  Time since last request: 0.000558 seconds.
  path: Assets/Texture Bricks 'n Blocks/Textures/Brick_cobble_whitegrout_diffuseOriginal.png
  artifactKey: Guid(67fdedc8f0387ee4d92037dd3be45837) Importer(815301076,1909f56bfc062723c751e8b465ee728b)
Start importing Assets/Texture Bricks 'n Blocks/Textures/Brick_cobble_whitegrout_diffuseOriginal.png using Guid(67fdedc8f0387ee4d92037dd3be45837) Importer(815301076,1909f56bfc062723c751e8b465ee728b)  -> (artifact id: '42866492c5337a58962af149555d0d70') in 0.016888 seconds 
  Import took 0.019887 seconds .

========================================================================
Received Import Request.
  Time since last request: 0.000373 seconds.
  path: Assets/Texture Bricks 'n Blocks/Textures/Brick_shiny_diffuseOriginal.png
  artifactKey: Guid(bb4def3467aaf224fa3d84ea39bb882b) Importer(815301076,1909f56bfc062723c751e8b465ee728b)
Start importing Assets/Texture Bricks 'n Blocks/Textures/Brick_shiny_diffuseOriginal.png using Guid(bb4def3467aaf224fa3d84ea39bb882b) Importer(815301076,1909f56bfc062723c751e8b465ee728b)  -> (artifact id: '1b79c8c06ab37c9a2c699f995602e3e4') in 0.016696 seconds 
  Import took 0.019954 seconds .

========================================================================
Received Prepare
Registering precompiled user dll's ...
Registered in 0.003661 seconds.
Begin MonoManager ReloadAssembly
Native extension for WindowsStandalone target not found
Refreshing native plugins compatible for Editor in 0.46 ms, found 2 plugins.
Preloading 0 native plugins for Editor in 0.00 ms.
Mono: successfully reloaded assembly
- Completed reload, in  1.006 seconds
Domain Reload Profiling:
	ReloadAssembly (1007ms)
		BeginReloadAssembly (123ms)
			ExecutionOrderSort (0ms)
			DisableScriptedObjects (4ms)
			BackupInstance (0ms)
			ReleaseScriptingObjects (0ms)
			CreateAndSetChildDomain (32ms)
		EndReloadAssembly (818ms)
			LoadAssemblies (95ms)
			RebuildTransferFunctionScriptingTraits (0ms)
			SetupTypeCache (280ms)
			ReleaseScriptCaches (1ms)
			RebuildScriptCaches (41ms)
			SetupLoadedEditorAssemblies (304ms)
				LogAssemblyErrors (0ms)
				InitializePlatformSupportModulesInManaged (6ms)
				SetLoadedEditorAssemblies (1ms)
				RefreshPlugins (1ms)
				BeforeProcessingInitializeOnLoad (52ms)
				ProcessInitializeOnLoadAttributes (228ms)
				ProcessInitializeOnLoadMethodAttributes (5ms)
				AfterProcessingInitializeOnLoad (11ms)
				EditorAssembliesLoaded (0ms)
			ExecutionOrderSort2 (0ms)
			AwakeInstancesAfterBackupRestoration (9ms)
Platform modules already initialized, skipping
Refreshing native plugins compatible for Editor in 0.27 ms, found 2 plugins.
Preloading 0 native plugins for Editor in 0.00 ms.
Unloading 1397 Unused Serialized files (Serialized files now loaded: 0)
System memory in use before: 69.3 MB.
System memory in use after: 69.4 MB.

Unloading 11 unused Assets to reduce memory usage. Loaded Objects now: 1892.
Total: 3.622100 ms (FindLiveObjects: 0.183400 ms CreateObjectMapping: 0.041800 ms MarkObjects: 3.336500 ms  DeleteObjects: 0.059100 ms)

AssetImportParameters requested are different than current active one (requested -> active):
  custom:framework-win-MediaFoundation: 216162199b28c13a410421893ffa2e32 -> 
  custom:video-decoder-ogg-theora: a1e56fd34408186e4bbccfd4996cb3dc -> 
  custom:container-muxer-webm: aa71ff27fc2769a1b78a27578f13a17b -> 
  custom:container-demuxer-webm: 4f35f7cbe854078d1ac9338744f61a02 -> 
  custom:container-demuxer-ogg: 62fdf1f143b41e24485cea50d1cbac27 -> 
  custom:video-encoder-webm-vp8: eb34c28f22e8b96e1ab97ce403110664 -> 
  custom:video-decoder-webm-vp8: 9c59270c3fd7afecdb556c50c9e8de78 -> 
  custom:audio-decoder-ogg-vorbis: bf7c407c2cedff20999df2af8eb42d56 -> 
  custom:audio-encoder-webm-vorbis: bf7c407c2cedff20999df2af8eb42d56 -> 
========================================================================
Received Prepare
Registering precompiled user dll's ...
Registered in 0.003861 seconds.
Begin MonoManager ReloadAssembly
Native extension for WindowsStandalone target not found
Refreshing native plugins compatible for Editor in 0.44 ms, found 2 plugins.
Preloading 0 native plugins for Editor in 0.00 ms.
Mono: successfully reloaded assembly
- Completed reload, in  0.921 seconds
Domain Reload Profiling:
	ReloadAssembly (921ms)
		BeginReloadAssembly (123ms)
			ExecutionOrderSort (0ms)
			DisableScriptedObjects (4ms)
			BackupInstance (0ms)
			ReleaseScriptingObjects (0ms)
			CreateAndSetChildDomain (32ms)
		EndReloadAssembly (739ms)
			LoadAssemblies (89ms)
			RebuildTransferFunctionScriptingTraits (0ms)
			SetupTypeCache (239ms)
			ReleaseScriptCaches (1ms)
			RebuildScriptCaches (37ms)
			SetupLoadedEditorAssemblies (280ms)
				LogAssemblyErrors (0ms)
				InitializePlatformSupportModulesInManaged (6ms)
				SetLoadedEditorAssemblies (0ms)
				RefreshPlugins (1ms)
				BeforeProcessingInitializeOnLoad (56ms)
				ProcessInitializeOnLoadAttributes (201ms)
				ProcessInitializeOnLoadMethodAttributes (7ms)
				AfterProcessingInitializeOnLoad (7ms)
				EditorAssembliesLoaded (0ms)
			ExecutionOrderSort2 (0ms)
			AwakeInstancesAfterBackupRestoration (9ms)
Platform modules already initialized, skipping
Refreshing native plugins compatible for Editor in 0.39 ms, found 2 plugins.
Preloading 0 native plugins for Editor in 0.00 ms.
Unloading 1397 Unused Serialized files (Serialized files now loaded: 0)
System memory in use before: 69.3 MB.
System memory in use after: 69.4 MB.

Unloading 11 unused Assets to reduce memory usage. Loaded Objects now: 1894.
Total: 4.853200 ms (FindLiveObjects: 0.222600 ms CreateObjectMapping: 0.082700 ms MarkObjects: 4.519400 ms  DeleteObjects: 0.026500 ms)

AssetImportParameters requested are different than current active one (requested -> active):
  custom:framework-win-MediaFoundation: 216162199b28c13a410421893ffa2e32 -> 
  custom:video-decoder-ogg-theora: a1e56fd34408186e4bbccfd4996cb3dc -> 
  custom:container-muxer-webm: aa71ff27fc2769a1b78a27578f13a17b -> 
  custom:container-demuxer-webm: 4f35f7cbe854078d1ac9338744f61a02 -> 
  custom:container-demuxer-ogg: 62fdf1f143b41e24485cea50d1cbac27 -> 
  custom:video-encoder-webm-vp8: eb34c28f22e8b96e1ab97ce403110664 -> 
  custom:video-decoder-webm-vp8: 9c59270c3fd7afecdb556c50c9e8de78 -> 
  custom:audio-decoder-ogg-vorbis: bf7c407c2cedff20999df2af8eb42d56 -> 
  custom:audio-encoder-webm-vorbis: bf7c407c2cedff20999df2af8eb42d56 -> 
========================================================================
Received Prepare
Registering precompiled user dll's ...
Registered in 0.004314 seconds.
Begin MonoManager ReloadAssembly
Native extension for WindowsStandalone target not found
Refreshing native plugins compatible for Editor in 0.49 ms, found 2 plugins.
Preloading 0 native plugins for Editor in 0.00 ms.
Mono: successfully reloaded assembly
- Completed reload, in  0.932 seconds
Domain Reload Profiling:
	ReloadAssembly (933ms)
		BeginReloadAssembly (117ms)
			ExecutionOrderSort (0ms)
			DisableScriptedObjects (4ms)
			BackupInstance (0ms)
			ReleaseScriptingObjects (0ms)
			CreateAndSetChildDomain (31ms)
		EndReloadAssembly (751ms)
			LoadAssemblies (91ms)
			RebuildTransferFunctionScriptingTraits (0ms)
			SetupTypeCache (262ms)
			ReleaseScriptCaches (1ms)
			RebuildScriptCaches (35ms)
			SetupLoadedEditorAssemblies (273ms)
				LogAssemblyErrors (0ms)
				InitializePlatformSupportModulesInManaged (6ms)
				SetLoadedEditorAssemblies (0ms)
				RefreshPlugins (1ms)
				BeforeProcessingInitializeOnLoad (52ms)
				ProcessInitializeOnLoadAttributes (202ms)
				ProcessInitializeOnLoadMethodAttributes (5ms)
				AfterProcessingInitializeOnLoad (7ms)
				EditorAssembliesLoaded (0ms)
			ExecutionOrderSort2 (0ms)
			AwakeInstancesAfterBackupRestoration (6ms)
Platform modules already initialized, skipping
Refreshing native plugins compatible for Editor in 0.39 ms, found 2 plugins.
Preloading 0 native plugins for Editor in 0.00 ms.
Unloading 1397 Unused Serialized files (Serialized files now loaded: 0)
System memory in use before: 69.3 MB.
System memory in use after: 69.4 MB.

Unloading 11 unused Assets to reduce memory usage. Loaded Objects now: 1896.
Total: 3.157900 ms (FindLiveObjects: 0.143800 ms CreateObjectMapping: 0.038800 ms MarkObjects: 2.955500 ms  DeleteObjects: 0.018500 ms)

AssetImportParameters requested are different than current active one (requested -> active):
  custom:framework-win-MediaFoundation: 216162199b28c13a410421893ffa2e32 -> 
  custom:video-decoder-ogg-theora: a1e56fd34408186e4bbccfd4996cb3dc -> 
  custom:container-muxer-webm: aa71ff27fc2769a1b78a27578f13a17b -> 
  custom:container-demuxer-webm: 4f35f7cbe854078d1ac9338744f61a02 -> 
  custom:container-demuxer-ogg: 62fdf1f143b41e24485cea50d1cbac27 -> 
  custom:video-encoder-webm-vp8: eb34c28f22e8b96e1ab97ce403110664 -> 
  custom:video-decoder-webm-vp8: 9c59270c3fd7afecdb556c50c9e8de78 -> 
  custom:audio-decoder-ogg-vorbis: bf7c407c2cedff20999df2af8eb42d56 -> 
  custom:audio-encoder-webm-vorbis: bf7c407c2cedff20999df2af8eb42d56 -> 
========================================================================
Received Prepare
Registering precompiled user dll's ...
Registered in 0.004010 seconds.
Begin MonoManager ReloadAssembly
Native extension for WindowsStandalone target not found
Refreshing native plugins compatible for Editor in 0.48 ms, found 2 plugins.
Preloading 0 native plugins for Editor in 0.00 ms.
Mono: successfully reloaded assembly
- Completed reload, in  0.953 seconds
Domain Reload Profiling:
	ReloadAssembly (953ms)
		BeginReloadAssembly (118ms)
			ExecutionOrderSort (0ms)
			DisableScriptedObjects (7ms)
			BackupInstance (0ms)
			ReleaseScriptingObjects (0ms)
			CreateAndSetChildDomain (33ms)
		EndReloadAssembly (767ms)
			LoadAssemblies (97ms)
			RebuildTransferFunctionScriptingTraits (0ms)
			SetupTypeCache (235ms)
			ReleaseScriptCaches (1ms)
			RebuildScriptCaches (38ms)
			SetupLoadedEditorAssemblies (307ms)
				LogAssemblyErrors (0ms)
				InitializePlatformSupportModulesInManaged (5ms)
				SetLoadedEditorAssemblies (0ms)
				RefreshPlugins (1ms)
				BeforeProcessingInitializeOnLoad (55ms)
				ProcessInitializeOnLoadAttributes (234ms)
				ProcessInitializeOnLoadMethodAttributes (5ms)
				AfterProcessingInitializeOnLoad (7ms)
				EditorAssembliesLoaded (0ms)
			ExecutionOrderSort2 (0ms)
			AwakeInstancesAfterBackupRestoration (7ms)
Platform modules already initialized, skipping
Refreshing native plugins compatible for Editor in 0.29 ms, found 2 plugins.
Preloading 0 native plugins for Editor in 0.00 ms.
Unloading 1397 Unused Serialized files (Serialized files now loaded: 0)
System memory in use before: 69.3 MB.
System memory in use after: 69.4 MB.

Unloading 11 unused Assets to reduce memory usage. Loaded Objects now: 1898.
Total: 3.756000 ms (FindLiveObjects: 0.179500 ms CreateObjectMapping: 0.037800 ms MarkObjects: 3.516200 ms  DeleteObjects: 0.020800 ms)

AssetImportParameters requested are different than current active one (requested -> active):
  custom:framework-win-MediaFoundation: 216162199b28c13a410421893ffa2e32 -> 
  custom:video-decoder-ogg-theora: a1e56fd34408186e4bbccfd4996cb3dc -> 
  custom:container-muxer-webm: aa71ff27fc2769a1b78a27578f13a17b -> 
  custom:container-demuxer-webm: 4f35f7cbe854078d1ac9338744f61a02 -> 
  custom:container-demuxer-ogg: 62fdf1f143b41e24485cea50d1cbac27 -> 
  custom:video-encoder-webm-vp8: eb34c28f22e8b96e1ab97ce403110664 -> 
  custom:video-decoder-webm-vp8: 9c59270c3fd7afecdb556c50c9e8de78 -> 
  custom:audio-decoder-ogg-vorbis: bf7c407c2cedff20999df2af8eb42d56 -> 
  custom:audio-encoder-webm-vorbis: bf7c407c2cedff20999df2af8eb42d56 -> 
========================================================================
Received Prepare
Registering precompiled user dll's ...
Registered in 0.003870 seconds.
Begin MonoManager ReloadAssembly
Native extension for WindowsStandalone target not found
Refreshing native plugins compatible for Editor in 0.85 ms, found 2 plugins.
Preloading 0 native plugins for Editor in 0.00 ms.
Mono: successfully reloaded assembly
- Completed reload, in  0.978 seconds
Domain Reload Profiling:
	ReloadAssembly (979ms)
		BeginReloadAssembly (121ms)
			ExecutionOrderSort (0ms)
			DisableScriptedObjects (4ms)
			BackupInstance (0ms)
			ReleaseScriptingObjects (0ms)
			CreateAndSetChildDomain (31ms)
		EndReloadAssembly (791ms)
			LoadAssemblies (92ms)
			RebuildTransferFunctionScriptingTraits (0ms)
			SetupTypeCache (261ms)
			ReleaseScriptCaches (1ms)
			RebuildScriptCaches (35ms)
			SetupLoadedEditorAssemblies (313ms)
				LogAssemblyErrors (0ms)
				InitializePlatformSupportModulesInManaged (5ms)
				SetLoadedEditorAssemblies (0ms)
				RefreshPlugins (1ms)
				BeforeProcessingInitializeOnLoad (50ms)
				ProcessInitializeOnLoadAttributes (200ms)
				ProcessInitializeOnLoadMethodAttributes (9ms)
				AfterProcessingInitializeOnLoad (48ms)
				EditorAssembliesLoaded (0ms)
			ExecutionOrderSort2 (0ms)
			AwakeInstancesAfterBackupRestoration (12ms)
Platform modules already initialized, skipping
Refreshing native plugins compatible for Editor in 0.30 ms, found 2 plugins.
Preloading 0 native plugins for Editor in 0.00 ms.
Unloading 1397 Unused Serialized files (Serialized files now loaded: 0)
System memory in use before: 69.3 MB.
System memory in use after: 69.4 MB.

Unloading 11 unused Assets to reduce memory usage. Loaded Objects now: 1900.
Total: 2.506800 ms (FindLiveObjects: 0.117300 ms CreateObjectMapping: 0.035600 ms MarkObjects: 2.218400 ms  DeleteObjects: 0.134500 ms)

AssetImportParameters requested are different than current active one (requested -> active):
  custom:framework-win-MediaFoundation: 216162199b28c13a410421893ffa2e32 -> 
  custom:video-decoder-ogg-theora: a1e56fd34408186e4bbccfd4996cb3dc -> 
  custom:container-muxer-webm: aa71ff27fc2769a1b78a27578f13a17b -> 
  custom:container-demuxer-webm: 4f35f7cbe854078d1ac9338744f61a02 -> 
  custom:container-demuxer-ogg: 62fdf1f143b41e24485cea50d1cbac27 -> 
  custom:video-encoder-webm-vp8: eb34c28f22e8b96e1ab97ce403110664 -> 
  custom:video-decoder-webm-vp8: 9c59270c3fd7afecdb556c50c9e8de78 -> 
  custom:audio-decoder-ogg-vorbis: bf7c407c2cedff20999df2af8eb42d56 -> 
  custom:audio-encoder-webm-vorbis: bf7c407c2cedff20999df2af8eb42d56 -> 
========================================================================
Received Prepare
Registering precompiled user dll's ...
Registered in 0.011470 seconds.
Begin MonoManager ReloadAssembly
Native extension for WindowsStandalone target not found
Refreshing native plugins compatible for Editor in 0.92 ms, found 2 plugins.
Preloading 0 native plugins for Editor in 0.00 ms.
Mono: successfully reloaded assembly
- Completed reload, in  1.976 seconds
Domain Reload Profiling:
	ReloadAssembly (1977ms)
		BeginReloadAssembly (261ms)
			ExecutionOrderSort (0ms)
			DisableScriptedObjects (5ms)
			BackupInstance (0ms)
			ReleaseScriptingObjects (0ms)
			CreateAndSetChildDomain (44ms)
		EndReloadAssembly (1536ms)
			LoadAssemblies (287ms)
			RebuildTransferFunctionScriptingTraits (0ms)
			SetupTypeCache (508ms)
			ReleaseScriptCaches (1ms)
			RebuildScriptCaches (70ms)
			SetupLoadedEditorAssemblies (567ms)
				LogAssemblyErrors (0ms)
				InitializePlatformSupportModulesInManaged (12ms)
				SetLoadedEditorAssemblies (2ms)
				RefreshPlugins (1ms)
				BeforeProcessingInitializeOnLoad (110ms)
				ProcessInitializeOnLoadAttributes (417ms)
				ProcessInitializeOnLoadMethodAttributes (8ms)
				AfterProcessingInitializeOnLoad (17ms)
				EditorAssembliesLoaded (1ms)
			ExecutionOrderSort2 (0ms)
			AwakeInstancesAfterBackupRestoration (15ms)
Platform modules already initialized, skipping
Refreshing native plugins compatible for Editor in 0.30 ms, found 2 plugins.
Preloading 0 native plugins for Editor in 0.00 ms.
Unloading 1397 Unused Serialized files (Serialized files now loaded: 0)
System memory in use before: 69.3 MB.
System memory in use after: 69.4 MB.

Unloading 11 unused Assets to reduce memory usage. Loaded Objects now: 1902.
Total: 4.629400 ms (FindLiveObjects: 0.316800 ms CreateObjectMapping: 0.283100 ms MarkObjects: 4.004800 ms  DeleteObjects: 0.023100 ms)

AssetImportParameters requested are different than current active one (requested -> active):
  custom:framework-win-MediaFoundation: 216162199b28c13a410421893ffa2e32 -> 
  custom:video-decoder-ogg-theora: a1e56fd34408186e4bbccfd4996cb3dc -> 
  custom:container-muxer-webm: aa71ff27fc2769a1b78a27578f13a17b -> 
  custom:container-demuxer-webm: 4f35f7cbe854078d1ac9338744f61a02 -> 
  custom:container-demuxer-ogg: 62fdf1f143b41e24485cea50d1cbac27 -> 
  custom:video-encoder-webm-vp8: eb34c28f22e8b96e1ab97ce403110664 -> 
  custom:video-decoder-webm-vp8: 9c59270c3fd7afecdb556c50c9e8de78 -> 
  custom:audio-decoder-ogg-vorbis: bf7c407c2cedff20999df2af8eb42d56 -> 
  custom:audio-encoder-webm-vorbis: bf7c407c2cedff20999df2af8eb42d56 -> 
========================================================================
Received Prepare
Registering precompiled user dll's ...
Registered in 0.003644 seconds.
Begin MonoManager ReloadAssembly
Native extension for WindowsStandalone target not found
Refreshing native plugins compatible for Editor in 0.30 ms, found 2 plugins.
Preloading 0 native plugins for Editor in 0.00 ms.
Mono: successfully reloaded assembly
- Completed reload, in  1.009 seconds
Domain Reload Profiling:
	ReloadAssembly (1009ms)
		BeginReloadAssembly (127ms)
			ExecutionOrderSort (0ms)
			DisableScriptedObjects (5ms)
			BackupInstance (0ms)
			ReleaseScriptingObjects (0ms)
			CreateAndSetChildDomain (29ms)
		EndReloadAssembly (805ms)
			LoadAssemblies (103ms)
			RebuildTransferFunctionScriptingTraits (0ms)
			SetupTypeCache (272ms)
			ReleaseScriptCaches (1ms)
			RebuildScriptCaches (38ms)
			SetupLoadedEditorAssemblies (303ms)
				LogAssemblyErrors (0ms)
				InitializePlatformSupportModulesInManaged (5ms)
				SetLoadedEditorAssemblies (0ms)
				RefreshPlugins (0ms)
				BeforeProcessingInitializeOnLoad (55ms)
				ProcessInitializeOnLoadAttributes (231ms)
				ProcessInitializeOnLoadMethodAttributes (4ms)
				AfterProcessingInitializeOnLoad (7ms)
				EditorAssembliesLoaded (0ms)
			ExecutionOrderSort2 (0ms)
			AwakeInstancesAfterBackupRestoration (7ms)
Platform modules already initialized, skipping
Refreshing native plugins compatible for Editor in 0.26 ms, found 2 plugins.
Preloading 0 native plugins for Editor in 0.00 ms.
Unloading 1397 Unused Serialized files (Serialized files now loaded: 0)
System memory in use before: 69.3 MB.
System memory in use after: 69.4 MB.

Unloading 11 unused Assets to reduce memory usage. Loaded Objects now: 1904.
Total: 3.366500 ms (FindLiveObjects: 0.106900 ms CreateObjectMapping: 0.027400 ms MarkObjects: 3.203500 ms  DeleteObjects: 0.026900 ms)

AssetImportParameters requested are different than current active one (requested -> active):
  custom:framework-win-MediaFoundation: 216162199b28c13a410421893ffa2e32 -> 
  custom:video-decoder-ogg-theora: a1e56fd34408186e4bbccfd4996cb3dc -> 
  custom:container-muxer-webm: aa71ff27fc2769a1b78a27578f13a17b -> 
  custom:container-demuxer-webm: 4f35f7cbe854078d1ac9338744f61a02 -> 
  custom:container-demuxer-ogg: 62fdf1f143b41e24485cea50d1cbac27 -> 
  custom:video-encoder-webm-vp8: eb34c28f22e8b96e1ab97ce403110664 -> 
  custom:video-decoder-webm-vp8: 9c59270c3fd7afecdb556c50c9e8de78 -> 
  custom:audio-decoder-ogg-vorbis: bf7c407c2cedff20999df2af8eb42d56 -> 
  custom:audio-encoder-webm-vorbis: bf7c407c2cedff20999df2af8eb42d56 -> 
========================================================================
Received Import Request.
  Time since last request: 653.344142 seconds.
  path: Assets/Scripts/Score.cs
  artifactKey: Guid(6ee7452ac89bfe6499fa7ee4f9bcb0c5) Importer(815301076,1909f56bfc062723c751e8b465ee728b)
Start importing Assets/Scripts/Score.cs using Guid(6ee7452ac89bfe6499fa7ee4f9bcb0c5) Importer(815301076,1909f56bfc062723c751e8b465ee728b)  -> (artifact id: 'f34dc90ab35324e55eacefe400c2d415') in 0.025305 seconds 
  Import took 0.028418 seconds .

========================================================================
Received Prepare
Registering precompiled user dll's ...
Registered in 0.006058 seconds.
Begin MonoManager ReloadAssembly
Native extension for WindowsStandalone target not found
Refreshing native plugins compatible for Editor in 0.35 ms, found 2 plugins.
Preloading 0 native plugins for Editor in 0.00 ms.
Mono: successfully reloaded assembly
- Completed reload, in  1.015 seconds
Domain Reload Profiling:
	ReloadAssembly (1015ms)
		BeginReloadAssembly (119ms)
			ExecutionOrderSort (0ms)
			DisableScriptedObjects (6ms)
			BackupInstance (0ms)
			ReleaseScriptingObjects (0ms)
			CreateAndSetChildDomain (30ms)
		EndReloadAssembly (820ms)
			LoadAssemblies (98ms)
			RebuildTransferFunctionScriptingTraits (0ms)
			SetupTypeCache (273ms)
			ReleaseScriptCaches (1ms)
			RebuildScriptCaches (38ms)
			SetupLoadedEditorAssemblies (314ms)
				LogAssemblyErrors (0ms)
				InitializePlatformSupportModulesInManaged (6ms)
				SetLoadedEditorAssemblies (1ms)
				RefreshPlugins (0ms)
				BeforeProcessingInitializeOnLoad (56ms)
				ProcessInitializeOnLoadAttributes (238ms)
				ProcessInitializeOnLoadMethodAttributes (4ms)
				AfterProcessingInitializeOnLoad (9ms)
				EditorAssembliesLoaded (0ms)
			ExecutionOrderSort2 (0ms)
			AwakeInstancesAfterBackupRestoration (7ms)
Platform modules already initialized, skipping
Refreshing native plugins compatible for Editor in 0.33 ms, found 2 plugins.
Preloading 0 native plugins for Editor in 0.00 ms.
Unloading 1397 Unused Serialized files (Serialized files now loaded: 0)
System memory in use before: 69.3 MB.
System memory in use after: 69.4 MB.

Unloading 11 unused Assets to reduce memory usage. Loaded Objects now: 1906.
Total: 2.655600 ms (FindLiveObjects: 0.129200 ms CreateObjectMapping: 0.038300 ms MarkObjects: 2.436300 ms  DeleteObjects: 0.050600 ms)

AssetImportParameters requested are different than current active one (requested -> active):
  custom:framework-win-MediaFoundation: 216162199b28c13a410421893ffa2e32 -> 
  custom:video-decoder-ogg-theora: a1e56fd34408186e4bbccfd4996cb3dc -> 
  custom:container-muxer-webm: aa71ff27fc2769a1b78a27578f13a17b -> 
  custom:container-demuxer-webm: 4f35f7cbe854078d1ac9338744f61a02 -> 
  custom:container-demuxer-ogg: 62fdf1f143b41e24485cea50d1cbac27 -> 
  custom:video-encoder-webm-vp8: eb34c28f22e8b96e1ab97ce403110664 -> 
  custom:video-decoder-webm-vp8: 9c59270c3fd7afecdb556c50c9e8de78 -> 
  custom:audio-decoder-ogg-vorbis: bf7c407c2cedff20999df2af8eb42d56 -> 
  custom:audio-encoder-webm-vorbis: bf7c407c2cedff20999df2af8eb42d56 -> 
AssetImportWorkerClient::OnTransportError - code=2 error=End of file
